<?xml version="1.0" encoding="UTF-8"?>
<!-- Generated by org.testng.reporters.JUnitXMLReporter -->
<testsuite hostname="Tyss-SR-023" ignored="0" name="Test2" tests="1" failures="1" timestamp="02 May 2019 05:57:38 GMT" time="81.001" errors="0">
  <testcase name="@AfterMethod closeapp" time="0.0" classname="testng.Parallel">
    <failure type="java.lang.NullPointerException">
      <![CDATA[java.lang.NullPointerException
	at testng.Parallel.closeapp(Parallel.java:41)
	at java.util.concurrent.FutureTask.run(Unknown Source)
	at java.util.concurrent.ThreadPoolExecutor.runWorker(Unknown Source)
	at java.util.concurrent.ThreadPoolExecutor$Worker.run(Unknown Source)
	at java.lang.Thread.run(Unknown Source)
... Removed 18 stack frames]]>
    </failure>
  </testcase> <!-- @AfterMethod closeapp -->
  <testcase name="testA" time="80.97" classname="testng.Parallel">
    <failure type="org.openqa.selenium.WebDriverException" message="Failed to connect to binary FirefoxBinary(C:\Program Files\Mozilla Firefox\firefox.exe) on port 7055; process output follows: 
defaults&amp;quot;}
1556776579547	addons.xpi	DEBUG	Updating XPIState for {&amp;quot;id&amp;quot;:&amp;quot;webcompat@mozilla.org&amp;quot;,&amp;quot;syncGUID&amp;quot;:&amp;quot;{681a4288-1a66-4cf5-b5f6-2fbb389e7cbe}&amp;quot;,&amp;quot;version&amp;quot;:&amp;quot;3.0.0&amp;quot;,&amp;quot;type&amp;quot;:&amp;quot;webextension&amp;quot;,&amp;quot;updateURL&amp;quot;:null,&amp;quot;optionsURL&amp;quot;:null,&amp;quot;optionsType&amp;quot;:null,&amp;quot;optionsBrowserStyle&amp;quot;:true,&amp;quot;aboutURL&amp;quot;:null,&amp;quot;defaultLocale&amp;quot;:{&amp;quot;name&amp;quot;:&amp;quot;Web Compat&amp;quot;,&amp;quot;description&amp;quot;:&amp;quot;Urgent post-release fixes for web compatibility.&amp;quot;,&amp;quot;creator&amp;quot;:null,&amp;quot;developers&amp;quot;:null,&amp;quot;translators&amp;quot;:null,&amp;quot;contributors&amp;quot;:null},&amp;quot;visible&amp;quot;:true,&amp;quot;active&amp;quot;:true,&amp;quot;userDisabled&amp;quot;:false,&amp;quot;appDisabled&amp;quot;:false,&amp;quot;installDate&amp;quot;:1546971220684,&amp;quot;updateDate&amp;quot;:1546971220684,&amp;quot;applyBackgroundUpdates&amp;quot;:1,&amp;quot;path&amp;quot;:&amp;quot;C:\\Program Files\\Mozilla Firefox\\browser\\features\\webcompat@mozilla.org.xpi&amp;quot;,&amp;quot;skinnable&amp;quot;:false,&amp;quot;sourceURI&amp;quot;:null,&amp;quot;releaseNotesURI&amp;quot;:null,&amp;quot;softDisabled&amp;quot;:false,&amp;quot;foreignInstall&amp;quot;:false,&amp;quot;strictCompatibility&amp;quot;:true,&amp;quot;locales&amp;quot;:[],&amp;quot;targetApplications&amp;quot;:[{&amp;quot;id&amp;quot;:&amp;quot;toolkit@mozilla.org&amp;quot;,&amp;quot;minVersion&amp;quot;:&amp;quot;59.0b5&amp;quot;,&amp;quot;maxVersion&amp;quot;:null}],&amp;quot;targetPlatforms&amp;quot;:[],&amp;quot;seen&amp;quot;:true,&amp;quot;dependencies&amp;quot;:[],&amp;quot;hasEmbeddedWebExtension&amp;quot;:false,&amp;quot;userPermissions&amp;quot;:{&amp;quot;permissions&amp;quot;:[&amp;quot;webRequest&amp;quot;,&amp;quot;webRequestBlocking&amp;quot;],&amp;quot;origins&amp;quot;:[&amp;quot;&amp;lt;all_urls&amp;gt;&amp;quot;]},&amp;quot;icons&amp;quot;:{},&amp;quot;iconURL&amp;quot;:null,&amp;quot;icon64URL&amp;quot;:null,&amp;quot;blocklistState&amp;quot;:0,&amp;quot;blocklistURL&amp;quot;:null,&amp;quot;startupData&amp;quot;:null,&amp;quot;hidden&amp;quot;:true,&amp;quot;installTelemetryInfo&amp;quot;:null,&amp;quot;location&amp;quot;:&amp;quot;app-system-defaults&amp;quot;}
1556776579547	addons.xpi-utils	DEBUG	Updating add-on states
1556776579550	addons.xpi	DEBUG	Calling bootstrap method startup on formautofill@mozilla.org version 1.0
1556776579552	addons.xpi	DEBUG	Calling bootstrap method startup on screenshots@mozilla.org version 35.0.0
1556776579554	addons.xpi	DEBUG	Calling bootstrap method startup on webcompat@mozilla.org version 3.0.0
1556776579556	addons.manager	DEBUG	Registering shutdown blocker for XPIProvider
1556776579557	addons.manager	DEBUG	Provider finished startup: XPIProvider
1556776579557	addons.manager	DEBUG	Starting provider: LightweightThemeManager
1556776579557	addons.manager	DEBUG	Registering shutdown blocker for LightweightThemeManager
1556776579557	addons.manager	DEBUG	Provider finished startup: LightweightThemeManager
1556776579558	addons.manager	DEBUG	Starting provider: GMPProvider
1556776579562	addons.manager	DEBUG	Registering shutdown blocker for GMPProvider
1556776579562	addons.manager	DEBUG	Provider finished startup: GMPProvider
1556776579562	addons.manager	DEBUG	Starting provider: PluginProvider
1556776579562	addons.manager	DEBUG	Registering shutdown blocker for PluginProvider
1556776579562	addons.manager	DEBUG	Provider finished startup: PluginProvider
1556776579568	addons.manager	DEBUG	Completed startup sequence
1556776584477	addons.repository	DEBUG	No addons.json found.
1556776585758	addons.manager	DEBUG	Registering upgrade listener for formautofill@mozilla.org
1556776586707	addons.xpi	DEBUG	Ignoring file: name is not a valid add-on ID: C:\Users\TYSS\AppData\Local\Temp\anonymous2714144355058502983webdriver-profile\extensions\webdriver-staging
1556776586708	addons.xpi	DEBUG	Existing add-on formautofill@mozilla.org in app-system-defaults
1556776586708	addons.xpi	DEBUG	Existing add-on screenshots@mozilla.org in app-system-defaults
1556776586709	addons.xpi	DEBUG	Existing add-on webcompat-reporter@mozilla.org in app-system-defaults
1556776586709	addons.xpi	DEBUG	Existing add-on webcompat@mozilla.org in app-system-defaults
1556776586710	addons.xpi	DEBUG	scanForChanges changed: false, state: {}
JavaScript error: resource://gre/modules/addons/XPIProvider.jsm, line 2600: TypeError: addon is null
1556776609543	addons.productaddons	INFO	sending request to: https://aus5.mozilla.org/update/3/GMP/64.0.2/20190108160530/WINNT_x86_64-msvc-x64/en-US/release/Windows_NT%2010.0.0.0.14393.2189%20(x64)/default/default/update.xml
1556776609898	addons.productaddons	INFO	Completed downloading document
1556776611594	addons.productaddons	INFO	downloadXHR File download. status=200
1556776611635	addons.productaddons	INFO	Downloaded file will be saved to C:\Users\TYSS\AppData\Local\Temp\tmpaddon-c223b2
1556776611879	addons.productaddons	WARN	Failed downloading via XHR, status: 0, reason: error

Build info: version: &amp;apos;2.53.1&amp;apos;, revision: &amp;apos;a36b8b1&amp;apos;, time: &amp;apos;2016-06-30 17:37:03&amp;apos;
System info: host: &amp;apos;Tyss-SR-023&amp;apos;, ip: &amp;apos;10.10.11.170&amp;apos;, os.name: &amp;apos;Windows 10&amp;apos;, os.arch: &amp;apos;amd64&amp;apos;, os.version: &amp;apos;10.0&amp;apos;, java.version: &amp;apos;1.8.0_121&amp;apos;
Driver info: driver.version: FirefoxDriver">
      <![CDATA[org.openqa.selenium.WebDriverException: Failed to connect to binary FirefoxBinary(C:\Program Files\Mozilla Firefox\firefox.exe) on port 7055; process output follows: 
defaults"}
1556776579547	addons.xpi	DEBUG	Updating XPIState for {"id":"webcompat@mozilla.org","syncGUID":"{681a4288-1a66-4cf5-b5f6-2fbb389e7cbe}","version":"3.0.0","type":"webextension","updateURL":null,"optionsURL":null,"optionsType":null,"optionsBrowserStyle":true,"aboutURL":null,"defaultLocale":{"name":"Web Compat","description":"Urgent post-release fixes for web compatibility.","creator":null,"developers":null,"translators":null,"contributors":null},"visible":true,"active":true,"userDisabled":false,"appDisabled":false,"installDate":1546971220684,"updateDate":1546971220684,"applyBackgroundUpdates":1,"path":"C:\\Program Files\\Mozilla Firefox\\browser\\features\\webcompat@mozilla.org.xpi","skinnable":false,"sourceURI":null,"releaseNotesURI":null,"softDisabled":false,"foreignInstall":false,"strictCompatibility":true,"locales":[],"targetApplications":[{"id":"toolkit@mozilla.org","minVersion":"59.0b5","maxVersion":null}],"targetPlatforms":[],"seen":true,"dependencies":[],"hasEmbeddedWebExtension":false,"userPermissions":{"permissions":["webRequest","webRequestBlocking"],"origins":["<all_urls>"]},"icons":{},"iconURL":null,"icon64URL":null,"blocklistState":0,"blocklistURL":null,"startupData":null,"hidden":true,"installTelemetryInfo":null,"location":"app-system-defaults"}
1556776579547	addons.xpi-utils	DEBUG	Updating add-on states
1556776579550	addons.xpi	DEBUG	Calling bootstrap method startup on formautofill@mozilla.org version 1.0
1556776579552	addons.xpi	DEBUG	Calling bootstrap method startup on screenshots@mozilla.org version 35.0.0
1556776579554	addons.xpi	DEBUG	Calling bootstrap method startup on webcompat@mozilla.org version 3.0.0
1556776579556	addons.manager	DEBUG	Registering shutdown blocker for XPIProvider
1556776579557	addons.manager	DEBUG	Provider finished startup: XPIProvider
1556776579557	addons.manager	DEBUG	Starting provider: LightweightThemeManager
1556776579557	addons.manager	DEBUG	Registering shutdown blocker for LightweightThemeManager
1556776579557	addons.manager	DEBUG	Provider finished startup: LightweightThemeManager
1556776579558	addons.manager	DEBUG	Starting provider: GMPProvider
1556776579562	addons.manager	DEBUG	Registering shutdown blocker for GMPProvider
1556776579562	addons.manager	DEBUG	Provider finished startup: GMPProvider
1556776579562	addons.manager	DEBUG	Starting provider: PluginProvider
1556776579562	addons.manager	DEBUG	Registering shutdown blocker for PluginProvider
1556776579562	addons.manager	DEBUG	Provider finished startup: PluginProvider
1556776579568	addons.manager	DEBUG	Completed startup sequence
1556776584477	addons.repository	DEBUG	No addons.json found.
1556776585758	addons.manager	DEBUG	Registering upgrade listener for formautofill@mozilla.org
1556776586707	addons.xpi	DEBUG	Ignoring file: name is not a valid add-on ID: C:\Users\TYSS\AppData\Local\Temp\anonymous2714144355058502983webdriver-profile\extensions\webdriver-staging
1556776586708	addons.xpi	DEBUG	Existing add-on formautofill@mozilla.org in app-system-defaults
1556776586708	addons.xpi	DEBUG	Existing add-on screenshots@mozilla.org in app-system-defaults
1556776586709	addons.xpi	DEBUG	Existing add-on webcompat-reporter@mozilla.org in app-system-defaults
1556776586709	addons.xpi	DEBUG	Existing add-on webcompat@mozilla.org in app-system-defaults
1556776586710	addons.xpi	DEBUG	scanForChanges changed: false, state: {}
JavaScript error: resource://gre/modules/addons/XPIProvider.jsm, line 2600: TypeError: addon is null
1556776609543	addons.productaddons	INFO	sending request to: https://aus5.mozilla.org/update/3/GMP/64.0.2/20190108160530/WINNT_x86_64-msvc-x64/en-US/release/Windows_NT%2010.0.0.0.14393.2189%20(x64)/default/default/update.xml
1556776609898	addons.productaddons	INFO	Completed downloading document
1556776611594	addons.productaddons	INFO	downloadXHR File download. status=200
1556776611635	addons.productaddons	INFO	Downloaded file will be saved to C:\Users\TYSS\AppData\Local\Temp\tmpaddon-c223b2
1556776611879	addons.productaddons	WARN	Failed downloading via XHR, status: 0, reason: error

Build info: version: '2.53.1', revision: 'a36b8b1', time: '2016-06-30 17:37:03'
System info: host: 'Tyss-SR-023', ip: '10.10.11.170', os.name: 'Windows 10', os.arch: 'amd64', os.version: '10.0', java.version: '1.8.0_121'
Driver info: driver.version: FirefoxDriver
	at org.openqa.selenium.firefox.internal.NewProfileExtensionConnection.start(NewProfileExtensionConnection.java:124)
	at org.openqa.selenium.firefox.FirefoxDriver.startClient(FirefoxDriver.java:271)
	at org.openqa.selenium.remote.RemoteWebDriver.<init>(RemoteWebDriver.java:119)
	at org.openqa.selenium.firefox.FirefoxDriver.<init>(FirefoxDriver.java:218)
	at org.openqa.selenium.firefox.FirefoxDriver.<init>(FirefoxDriver.java:211)
	at org.openqa.selenium.firefox.FirefoxDriver.<init>(FirefoxDriver.java:207)
	at org.openqa.selenium.firefox.FirefoxDriver.<init>(FirefoxDriver.java:120)
	at testng.Parallel.testA(Parallel.java:31)
	at java.util.concurrent.FutureTask.run(Unknown Source)
	at java.util.concurrent.ThreadPoolExecutor.runWorker(Unknown Source)
	at java.util.concurrent.ThreadPoolExecutor$Worker.run(Unknown Source)
	at java.lang.Thread.run(Unknown Source)
Caused by: org.openqa.selenium.firefox.NotConnectedException: Unable to connect to host 127.0.0.1 on port 7055 after 45000 ms. Firefox console output:
defaults"}
1556776579547	addons.xpi	DEBUG	Updating XPIState for {"id":"webcompat@mozilla.org","syncGUID":"{681a4288-1a66-4cf5-b5f6-2fbb389e7cbe}","version":"3.0.0","type":"webextension","updateURL":null,"optionsURL":null,"optionsType":null,"optionsBrowserStyle":true,"aboutURL":null,"defaultLocale":{"name":"Web Compat","description":"Urgent post-release fixes for web compatibility.","creator":null,"developers":null,"translators":null,"contributors":null},"visible":true,"active":true,"userDisabled":false,"appDisabled":false,"installDate":1546971220684,"updateDate":1546971220684,"applyBackgroundUpdates":1,"path":"C:\\Program Files\\Mozilla Firefox\\browser\\features\\webcompat@mozilla.org.xpi","skinnable":false,"sourceURI":null,"releaseNotesURI":null,"softDisabled":false,"foreignInstall":false,"strictCompatibility":true,"locales":[],"targetApplications":[{"id":"toolkit@mozilla.org","minVersion":"59.0b5","maxVersion":null}],"targetPlatforms":[],"seen":true,"dependencies":[],"hasEmbeddedWebExtension":false,"userPermissions":{"permissions":["webRequest","webRequestBlocking"],"origins":["<all_urls>"]},"icons":{},"iconURL":null,"icon64URL":null,"blocklistState":0,"blocklistURL":null,"startupData":null,"hidden":true,"installTelemetryInfo":null,"location":"app-system-defaults"}
1556776579547	addons.xpi-utils	DEBUG	Updating add-on states
1556776579550	addons.xpi	DEBUG	Calling bootstrap method startup on formautofill@mozilla.org version 1.0
1556776579552	addons.xpi	DEBUG	Calling bootstrap method startup on screenshots@mozilla.org version 35.0.0
1556776579554	addons.xpi	DEBUG	Calling bootstrap method startup on webcompat@mozilla.org version 3.0.0
1556776579556	addons.manager	DEBUG	Registering shutdown blocker for XPIProvider
1556776579557	addons.manager	DEBUG	Provider finished startup: XPIProvider
1556776579557	addons.manager	DEBUG	Starting provider: LightweightThemeManager
1556776579557	addons.manager	DEBUG	Registering shutdown blocker for LightweightThemeManager
1556776579557	addons.manager	DEBUG	Provider finished startup: LightweightThemeManager
1556776579558	addons.manager	DEBUG	Starting provider: GMPProvider
1556776579562	addons.manager	DEBUG	Registering shutdown blocker for GMPProvider
1556776579562	addons.manager	DEBUG	Provider finished startup: GMPProvider
1556776579562	addons.manager	DEBUG	Starting provider: PluginProvider
1556776579562	addons.manager	DEBUG	Registering shutdown blocker for PluginProvider
1556776579562	addons.manager	DEBUG	Provider finished startup: PluginProvider
1556776579568	addons.manager	DEBUG	Completed startup sequence
1556776584477	addons.repository	DEBUG	No addons.json found.
1556776585758	addons.manager	DEBUG	Registering upgrade listener for formautofill@mozilla.org
1556776586707	addons.xpi	DEBUG	Ignoring file: name is not a valid add-on ID: C:\Users\TYSS\AppData\Local\Temp\anonymous2714144355058502983webdriver-profile\extensions\webdriver-staging
1556776586708	addons.xpi	DEBUG	Existing add-on formautofill@mozilla.org in app-system-defaults
1556776586708	addons.xpi	DEBUG	Existing add-on screenshots@mozilla.org in app-system-defaults
1556776586709	addons.xpi	DEBUG	Existing add-on webcompat-reporter@mozilla.org in app-system-defaults
1556776586709	addons.xpi	DEBUG	Existing add-on webcompat@mozilla.org in app-system-defaults
1556776586710	addons.xpi	DEBUG	scanForChanges changed: false, state: {}
JavaScript error: resource://gre/modules/addons/XPIProvider.jsm, line 2600: TypeError: addon is null
1556776609543	addons.productaddons	INFO	sending request to: https://aus5.mozilla.org/update/3/GMP/64.0.2/20190108160530/WINNT_x86_64-msvc-x64/en-US/release/Windows_NT%2010.0.0.0.14393.2189%20(x64)/default/default/update.xml
1556776609898	addons.productaddons	INFO	Completed downloading document
1556776611594	addons.productaddons	INFO	downloadXHR File download. status=200
1556776611635	addons.productaddons	INFO	Downloaded file will be saved to C:\Users\TYSS\AppData\Local\Temp\tmpaddon-c223b2
1556776611879	addons.productaddons	WARN	Failed downloading via XHR, status: 0, reason: error

	at org.openqa.selenium.firefox.internal.NewProfileExtensionConnection.start(NewProfileExtensionConnection.java:112)
	... 27 more
... Removed 16 stack frames]]>
    </failure>
  </testcase> <!-- testA -->
</testsuite> <!-- Test2 -->
