<?xml version="1.0" encoding="UTF-8"?>
<testng-results skipped="0" failed="0" ignored="0" total="2" passed="2">
  <reporter-output>
  </reporter-output>
  <suite name="Default suite" duration-ms="42764" started-at="2019-05-02T06:19:09Z" finished-at="2019-05-02T06:19:52Z">
    <groups>
    </groups>
    <test name="Default test" duration-ms="42764" started-at="2019-05-02T06:19:09Z" finished-at="2019-05-02T06:19:52Z">
      <class name="testng.Dataprovider">
        <test-method status="PASS" signature="login(java.lang.String, java.lang.String)[pri:0, instance:testng.Dataprovider@51081592]" name="login" duration-ms="21395" started-at="2019-05-02T11:49:09Z" data-provider="abc" finished-at="2019-05-02T11:49:30Z">
          <params>
            <param index="0">
              <value>
                <![CDATA[admin]]>
              </value>
            </param>
            <param index="1">
              <value>
                <![CDATA[manager]]>
              </value>
            </param>
          </params>
          <reporter-output>
          </reporter-output>
        </test-method> <!-- login -->
        <test-method status="PASS" signature="login(java.lang.String, java.lang.String)[pri:0, instance:testng.Dataprovider@51081592]" name="login" duration-ms="21333" started-at="2019-05-02T11:49:30Z" data-provider="abc" finished-at="2019-05-02T11:49:52Z">
          <params>
            <param index="0">
              <value>
                <![CDATA[landtinfotech]]>
              </value>
            </param>
            <param index="1">
              <value>
                <![CDATA[1224345]]>
              </value>
            </param>
          </params>
          <reporter-output>
          </reporter-output>
        </test-method> <!-- login -->
      </class> <!-- testng.Dataprovider -->
    </test> <!-- Default test -->
  </suite> <!-- Default suite -->
</testng-results>
